<?xml version="1.0" encoding="UTF-8"?>
<!-- Generated by org.testng.reporters.JUnitReportReporter -->
<testsuite hostname="LAPTOP-CO6233UV" failures="0" tests="1" name="com.testcase.LoginTestCase" time="9.743" errors="0" timestamp="20 Jun 2022 06:56:31 GMT" skipped="0">
  <testcase classname="com.testcase.LoginTestCase" name="loginTest" time="9.743"/>
</testsuite> <!-- com.testcase.LoginTestCase -->
